d:\vsproject\cs2\cs2_united\cs2_patch\debug\vc142.pdb
d:\vsproject\cs2\cs2_united\cs2_patch\debug\vc142.idb
d:\vsproject\cs2\cs2_united\cs2_patch\debug\dllmain.obj
d:\vsproject\cs2\cs2_united\cs2_patch\debug\buildin.obj
d:\vsproject\cs2\cs2_united\cs2_patch\debug\replace.obj
d:\vsproject\cs2\cs2_united\cs2_patch\debug\data.obj
d:\vsproject\cs2\cs2_united\cs2_patch\debug\cs2_patch.pch
d:\vsproject\cs2\cs2_united\cs2_patch\debug\pch.obj
d:\vsproject\cs2\cs2_united\debug\cs2_patch.lib
d:\vsproject\cs2\cs2_united\debug\cs2_patch.exp
d:\vsproject\cs2\cs2_united\debug\cs2_patch.dll
d:\vsproject\cs2\cs2_united\debug\cs2_patch.ilk
d:\vsproject\cs2\cs2_united\debug\cs2_patch.pdb
d:\vsproject\cs2\cs2_united\cs2_patch\debug\cs2_patch.tlog\cl.command.1.tlog
d:\vsproject\cs2\cs2_united\cs2_patch\debug\cs2_patch.tlog\cl.read.1.tlog
d:\vsproject\cs2\cs2_united\cs2_patch\debug\cs2_patch.tlog\cl.write.1.tlog
d:\vsproject\cs2\cs2_united\cs2_patch\debug\cs2_patch.tlog\cs2_patch.write.1u.tlog
d:\vsproject\cs2\cs2_united\cs2_patch\debug\cs2_patch.tlog\link.16636.delete.1.tlog
d:\vsproject\cs2\cs2_united\cs2_patch\debug\cs2_patch.tlog\link.command.1.tlog
d:\vsproject\cs2\cs2_united\cs2_patch\debug\cs2_patch.tlog\link.delete.1.tlog
d:\vsproject\cs2\cs2_united\cs2_patch\debug\cs2_patch.tlog\link.read.1.tlog
d:\vsproject\cs2\cs2_united\cs2_patch\debug\cs2_patch.tlog\link.write.1.tlog
